<?xml version="1.0" encoding="UTF-8"?>
<!-- Generated by org.testng.reporters.JUnitReportReporter -->
<testsuite hostname="LAPTOP-TNG65VE9" failures="0" tests="1" name="Smoke.AppTest" time="6.448" errors="0" timestamp="2020-08-15T15:34:04 IST" skipped="0">
  <testcase classname="Smoke.AppTest" name="shouldAnswerWithTrue" time="6.448"/>
  <system-out/>
</testsuite> <!-- Smoke.AppTest -->
